{
  "RSpec": {
    "coverage": {
      "/Users/Fatime/Desktop/iOffer/iOffer_coding_challenge/Connect 4/lib/game.rb": [
        1,
        1,
        18,
        18,
        18,
        18,
        18,
        18,
        null,
        18,
        18,
        null,
        null,
        1,
        147,
        null,
        null,
        1,
        37,
        37,
        null,
        null,
        1,
        18,
        18,
        18,
        18,
        37,
        37,
        19,
        19,
        18,
        18,
        18,
        null,
        null,
        null,
        null,
        1,
        2,
        null,
        null,
        1,
        2,
        null,
        null,
        1,
        0,
        0,
        0,
        0,
        0,
        0,
        null,
        null,
        null,
        0,
        null,
        0,
        null,
        null,
        1,
        8,
        8,
        8,
        null,
        400,
        8,
        1,
        null,
        7,
        null,
        null,
        200,
        4,
        1,
        null,
        3,
        null,
        null,
        150,
        3,
        1,
        null,
        2,
        null,
        null,
        100,
        2,
        1,
        null,
        1,
        null,
        null,
        null,
        1,
        60,
        26,
        26,
        null,
        34,
        null,
        null,
        null,
        1,
        18,
        7,
        7,
        null,
        11,
        null,
        null,
        null,
        1,
        15,
        6,
        6,
        null,
        9,
        null,
        null,
        null,
        1,
        12,
        5,
        5,
        null,
        7,
        null,
        null,
        null,
        1,
        2,
        null,
        null,
        1,
        10,
        5,
        5,
        5,
        null,
        null,
        null,
        1,
        0,
        0,
        0,
        0,
        0,
        0,
        0,
        0,
        0,
        0,
        0,
        null,
        0,
        null,
        null,
        null,
        null,
        1,
        0,
        0,
        0,
        0,
        0,
        0,
        0,
        0,
        0,
        0,
        0,
        0,
        0,
        0,
        0,
        0,
        0,
        null,
        0,
        0,
        0,
        null,
        0,
        null,
        null,
        0,
        null,
        null,
        null
      ],
      "/Users/Fatime/Desktop/iOffer/iOffer_coding_challenge/Connect 4/lib/player.rb": [
        1,
        1,
        null,
        1,
        0,
        null,
        null
      ],
      "/Users/Fatime/Desktop/iOffer/iOffer_coding_challenge/Connect 4/lib/human.rb": [
        1,
        1,
        null,
        1,
        31,
        null,
        null,
        1,
        0,
        null,
        null
      ],
      "/Users/Fatime/Desktop/iOffer/iOffer_coding_challenge/Connect 4/lib/computer.rb": [
        1,
        1,
        null,
        1,
        1,
        null,
        null,
        1,
        0,
        0,
        null,
        null
      ]
    },
    "timestamp": 1565038992
  }
}
